#! /opt/homebrew/Cellar/icarus-verilog/12.0/bin/vvp
:ivl_version "12.0 (stable)";
:ivl_delay_selection "TYPICAL";
:vpi_time_precision - 12;
:vpi_module "/opt/homebrew/Cellar/icarus-verilog/12.0/lib/ivl/system.vpi";
:vpi_module "/opt/homebrew/Cellar/icarus-verilog/12.0/lib/ivl/vhdl_sys.vpi";
:vpi_module "/opt/homebrew/Cellar/icarus-verilog/12.0/lib/ivl/vhdl_textio.vpi";
:vpi_module "/opt/homebrew/Cellar/icarus-verilog/12.0/lib/ivl/v2005_math.vpi";
:vpi_module "/opt/homebrew/Cellar/icarus-verilog/12.0/lib/ivl/va_math.vpi";
:vpi_module "/opt/homebrew/Cellar/icarus-verilog/12.0/lib/ivl/v2009.vpi";
S_0x1015a4b20 .scope package, "$unit" "$unit" 2 1;
 .timescale 0 0;
S_0x1015a72c0 .scope module, "ripple_carry_adder_tb" "ripple_carry_adder_tb" 3 3;
 .timescale -9 -12;
P_0xa0506d800 .param/l "N" 0 3 4, +C4<00000000000000000000000000001000>;
v0xa04c38d20_0 .var "a", 7 0;
v0xa04c38dc0_0 .var "b", 7 0;
v0xa04c38e60_0 .var "cin", 0 0;
v0xa04c38f00_0 .net "cout", 0 0, L_0xa050a94a0;  1 drivers
v0xa04c38fa0_0 .var/2u "expected_cout", 0 0;
v0xa04c39040_0 .var/2s "expected_sum", 31 0;
v0xa04c390e0_0 .var/2s "i", 31 0;
v0xa04c39180_0 .net "sum", 7 0, L_0xa04c39220;  1 drivers
S_0x1015a7440 .scope module, "dut" "ripple_carry_adder_using_parameter" 3 16, 4 1 0, S_0x1015a72c0;
 .timescale 0 0;
    .port_info 0 /INPUT 8 "a";
    .port_info 1 /INPUT 8 "b";
    .port_info 2 /INPUT 1 "cin";
    .port_info 3 /OUTPUT 8 "sum";
    .port_info 4 /OUTPUT 1 "cout";
P_0xa0506d880 .param/l "N" 0 4 1, +C4<00000000000000000000000000001000>;
L_0x1015b3860 .functor BUFZ 1, v0xa04c38e60_0, C4<0>, C4<0>, C4<0>;
v0xa04c388c0_0 .net *"_ivl_111", 0 0, L_0x1015b3860;  1 drivers
v0xa04c38960_0 .net "a", 7 0, v0xa04c38d20_0;  1 drivers
v0xa04c38a00_0 .net "b", 7 0, v0xa04c38dc0_0;  1 drivers
v0xa04c38aa0_0 .net "carr", 8 0, L_0xa04c392c0;  1 drivers
v0xa04c38b40_0 .net "cin", 0 0, v0xa04c38e60_0;  1 drivers
v0xa04c38be0_0 .net "cout", 0 0, L_0xa050a94a0;  alias, 1 drivers
v0xa04c38c80_0 .net "sum", 7 0, L_0xa04c39220;  alias, 1 drivers
L_0xa0507a760 .part v0xa04c38d20_0, 0, 1;
L_0xa0507a800 .part v0xa04c38dc0_0, 0, 1;
L_0xa0507a8a0 .part L_0xa04c392c0, 0, 1;
L_0xa0507a940 .part v0xa04c38d20_0, 0, 1;
L_0xa0507a9e0 .part v0xa04c38dc0_0, 0, 1;
L_0xa0507aa80 .part v0xa04c38dc0_0, 0, 1;
L_0xa0507ab20 .part L_0xa04c392c0, 0, 1;
L_0xa0507abc0 .part L_0xa04c392c0, 0, 1;
L_0xa0507ac60 .part v0xa04c38d20_0, 0, 1;
L_0xa0507ad00 .part v0xa04c38d20_0, 1, 1;
L_0xa0507ada0 .part v0xa04c38dc0_0, 1, 1;
L_0xa0507ae40 .part L_0xa04c392c0, 1, 1;
L_0xa0507aee0 .part v0xa04c38d20_0, 1, 1;
L_0xa0507af80 .part v0xa04c38dc0_0, 1, 1;
L_0xa0507b020 .part v0xa04c38dc0_0, 1, 1;
L_0xa0507b0c0 .part L_0xa04c392c0, 1, 1;
L_0xa0507b160 .part L_0xa04c392c0, 1, 1;
L_0xa0507b200 .part v0xa04c38d20_0, 1, 1;
L_0xa0507b2a0 .part v0xa04c38d20_0, 2, 1;
L_0xa0507b340 .part v0xa04c38dc0_0, 2, 1;
L_0xa0507b3e0 .part L_0xa04c392c0, 2, 1;
L_0xa0507b480 .part v0xa04c38d20_0, 2, 1;
L_0xa0507b520 .part v0xa04c38dc0_0, 2, 1;
L_0xa0507b5c0 .part v0xa04c38dc0_0, 2, 1;
L_0xa0507b660 .part L_0xa04c392c0, 2, 1;
L_0xa0507b700 .part L_0xa04c392c0, 2, 1;
L_0xa0507b7a0 .part v0xa04c38d20_0, 2, 1;
L_0xa0507b840 .part v0xa04c38d20_0, 3, 1;
L_0xa0507b8e0 .part v0xa04c38dc0_0, 3, 1;
L_0xa0507b980 .part L_0xa04c392c0, 3, 1;
L_0xa0507ba20 .part v0xa04c38d20_0, 3, 1;
L_0xa0507bac0 .part v0xa04c38dc0_0, 3, 1;
L_0xa0507bb60 .part v0xa04c38dc0_0, 3, 1;
L_0xa0507bc00 .part L_0xa04c392c0, 3, 1;
L_0xa0507bca0 .part L_0xa04c392c0, 3, 1;
L_0xa0507bd40 .part v0xa04c38d20_0, 3, 1;
L_0xa0507bde0 .part v0xa04c38d20_0, 4, 1;
L_0xa0507be80 .part v0xa04c38dc0_0, 4, 1;
L_0xa0507bf20 .part L_0xa04c392c0, 4, 1;
L_0xa050a8000 .part v0xa04c38d20_0, 4, 1;
L_0xa050a80a0 .part v0xa04c38dc0_0, 4, 1;
L_0xa050a8140 .part v0xa04c38dc0_0, 4, 1;
L_0xa050a81e0 .part L_0xa04c392c0, 4, 1;
L_0xa050a8280 .part L_0xa04c392c0, 4, 1;
L_0xa050a8320 .part v0xa04c38d20_0, 4, 1;
L_0xa050a83c0 .part v0xa04c38d20_0, 5, 1;
L_0xa050a8460 .part v0xa04c38dc0_0, 5, 1;
L_0xa050a8500 .part L_0xa04c392c0, 5, 1;
L_0xa050a85a0 .part v0xa04c38d20_0, 5, 1;
L_0xa050a8640 .part v0xa04c38dc0_0, 5, 1;
L_0xa050a86e0 .part v0xa04c38dc0_0, 5, 1;
L_0xa050a8780 .part L_0xa04c392c0, 5, 1;
L_0xa050a8820 .part L_0xa04c392c0, 5, 1;
L_0xa050a88c0 .part v0xa04c38d20_0, 5, 1;
L_0xa050a8960 .part v0xa04c38d20_0, 6, 1;
L_0xa050a8a00 .part v0xa04c38dc0_0, 6, 1;
L_0xa050a8aa0 .part L_0xa04c392c0, 6, 1;
L_0xa050a8b40 .part v0xa04c38d20_0, 6, 1;
L_0xa050a8be0 .part v0xa04c38dc0_0, 6, 1;
L_0xa050a8c80 .part v0xa04c38dc0_0, 6, 1;
L_0xa050a8d20 .part L_0xa04c392c0, 6, 1;
L_0xa050a8dc0 .part L_0xa04c392c0, 6, 1;
L_0xa050a8e60 .part v0xa04c38d20_0, 6, 1;
LS_0xa04c39220_0_0 .concat8 [ 1 1 1 1], L_0x1015ade30, L_0x1015b38e0, L_0xa050a4000, L_0xa050a4310;
LS_0xa04c39220_0_4 .concat8 [ 1 1 1 1], L_0xa050a4620, L_0xa050a4930, L_0xa050a4c40, L_0xa050a4f50;
L_0xa04c39220 .concat8 [ 4 4 0 0], LS_0xa04c39220_0_0, LS_0xa04c39220_0_4;
L_0xa050a8f00 .part v0xa04c38d20_0, 7, 1;
L_0xa050a8fa0 .part v0xa04c38dc0_0, 7, 1;
L_0xa050a9040 .part L_0xa04c392c0, 7, 1;
L_0xa050a90e0 .part v0xa04c38d20_0, 7, 1;
L_0xa050a9180 .part v0xa04c38dc0_0, 7, 1;
L_0xa050a9220 .part v0xa04c38dc0_0, 7, 1;
L_0xa050a92c0 .part L_0xa04c392c0, 7, 1;
L_0xa050a9360 .part L_0xa04c392c0, 7, 1;
L_0xa050a9400 .part v0xa04c38d20_0, 7, 1;
L_0xa050a94a0 .part L_0xa04c392c0, 8, 1;
LS_0xa04c392c0_0_0 .concat8 [ 1 1 1 1], L_0x1015b3860, L_0x1015b3720, L_0x1015b3b90, L_0xa050a4230;
LS_0xa04c392c0_0_4 .concat8 [ 1 1 1 1], L_0xa050a4540, L_0xa050a4850, L_0xa050a4b60, L_0xa050a4e70;
LS_0xa04c392c0_0_8 .concat8 [ 1 0 0 0], L_0xa050a5180;
L_0xa04c392c0 .concat8 [ 4 4 1 0], LS_0xa04c392c0_0_0, LS_0xa04c392c0_0_4, LS_0xa04c392c0_0_8;
S_0x1015b1750 .scope generate, "genblk1[0]" "genblk1[0]" 4 9, 4 9 0, S_0x1015a7440;
 .timescale 0 0;
P_0xa0506d900 .param/l "i" 1 4 9, +C4<00>;
L_0x1015a76e0 .functor XOR 1, L_0xa0507a760, L_0xa0507a800, C4<0>, C4<0>;
L_0x1015ade30 .functor XOR 1, L_0x1015a76e0, L_0xa0507a8a0, C4<0>, C4<0>;
L_0x1015adea0 .functor AND 1, L_0xa0507a940, L_0xa0507a9e0, C4<1>, C4<1>;
L_0x1015b3550 .functor AND 1, L_0xa0507aa80, L_0xa0507ab20, C4<1>, C4<1>;
L_0x1015b35c0 .functor OR 1, L_0x1015adea0, L_0x1015b3550, C4<0>, C4<0>;
L_0x1015b36b0 .functor AND 1, L_0xa0507abc0, L_0xa0507ac60, C4<1>, C4<1>;
L_0x1015b3720 .functor OR 1, L_0x1015b35c0, L_0x1015b36b0, C4<0>, C4<0>;
v0x1015b18d0_0 .net *"_ivl_0", 0 0, L_0xa0507a760;  1 drivers
v0x1015a4ca0_0 .net *"_ivl_1", 0 0, L_0xa0507a800;  1 drivers
v0x1015b1350_0 .net *"_ivl_11", 0 0, L_0xa0507aa80;  1 drivers
v0x1015b13f0_0 .net *"_ivl_12", 0 0, L_0xa0507ab20;  1 drivers
v0x1015b1490_0 .net *"_ivl_13", 0 0, L_0x1015b3550;  1 drivers
v0x1015b1d50_0 .net *"_ivl_15", 0 0, L_0x1015b35c0;  1 drivers
v0x1015b1df0_0 .net *"_ivl_17", 0 0, L_0xa0507abc0;  1 drivers
v0x1015b1e90_0 .net *"_ivl_18", 0 0, L_0xa0507ac60;  1 drivers
v0x1015b1f30_0 .net *"_ivl_19", 0 0, L_0x1015b36b0;  1 drivers
v0x1015b1fd0_0 .net *"_ivl_2", 0 0, L_0x1015a76e0;  1 drivers
v0x1015b2070_0 .net *"_ivl_21", 0 0, L_0x1015b3720;  1 drivers
v0x1015b2110_0 .net *"_ivl_4", 0 0, L_0xa0507a8a0;  1 drivers
v0xa04c30000_0 .net *"_ivl_5", 0 0, L_0x1015ade30;  1 drivers
v0xa04c300a0_0 .net *"_ivl_7", 0 0, L_0xa0507a940;  1 drivers
v0xa04c30140_0 .net *"_ivl_8", 0 0, L_0xa0507a9e0;  1 drivers
v0xa04c301e0_0 .net *"_ivl_9", 0 0, L_0x1015adea0;  1 drivers
S_0x1015b21b0 .scope generate, "genblk1[1]" "genblk1[1]" 4 9, 4 9 0, S_0x1015a7440;
 .timescale 0 0;
P_0xa0506d980 .param/l "i" 1 4 9, +C4<01>;
L_0x1015b37f0 .functor XOR 1, L_0xa0507ad00, L_0xa0507ada0, C4<0>, C4<0>;
L_0x1015b38e0 .functor XOR 1, L_0x1015b37f0, L_0xa0507ae40, C4<0>, C4<0>;
L_0x1015b39c0 .functor AND 1, L_0xa0507aee0, L_0xa0507af80, C4<1>, C4<1>;
L_0x1015b3ab0 .functor AND 1, L_0xa0507b020, L_0xa0507b0c0, C4<1>, C4<1>;
L_0x1015b3b20 .functor OR 1, L_0x1015b39c0, L_0x1015b3ab0, C4<0>, C4<0>;
L_0x1015b3a30 .functor AND 1, L_0xa0507b160, L_0xa0507b200, C4<1>, C4<1>;
L_0x1015b3b90 .functor OR 1, L_0x1015b3b20, L_0x1015b3a30, C4<0>, C4<0>;
v0xa04c30280_0 .net *"_ivl_0", 0 0, L_0xa0507ad00;  1 drivers
v0xa04c30320_0 .net *"_ivl_1", 0 0, L_0xa0507ada0;  1 drivers
v0xa04c303c0_0 .net *"_ivl_11", 0 0, L_0xa0507b020;  1 drivers
v0xa04c30460_0 .net *"_ivl_12", 0 0, L_0xa0507b0c0;  1 drivers
v0xa04c30500_0 .net *"_ivl_13", 0 0, L_0x1015b3ab0;  1 drivers
v0xa04c305a0_0 .net *"_ivl_15", 0 0, L_0x1015b3b20;  1 drivers
v0xa04c30640_0 .net *"_ivl_17", 0 0, L_0xa0507b160;  1 drivers
v0xa04c306e0_0 .net *"_ivl_18", 0 0, L_0xa0507b200;  1 drivers
v0xa04c30780_0 .net *"_ivl_19", 0 0, L_0x1015b3a30;  1 drivers
v0xa04c30820_0 .net *"_ivl_2", 0 0, L_0x1015b37f0;  1 drivers
v0xa04c308c0_0 .net *"_ivl_21", 0 0, L_0x1015b3b90;  1 drivers
v0xa04c30960_0 .net *"_ivl_4", 0 0, L_0xa0507ae40;  1 drivers
v0xa04c30a00_0 .net *"_ivl_5", 0 0, L_0x1015b38e0;  1 drivers
v0xa04c30aa0_0 .net *"_ivl_7", 0 0, L_0xa0507aee0;  1 drivers
v0xa04c30b40_0 .net *"_ivl_8", 0 0, L_0xa0507af80;  1 drivers
v0xa04c30be0_0 .net *"_ivl_9", 0 0, L_0x1015b39c0;  1 drivers
S_0x1015b2330 .scope generate, "genblk1[2]" "genblk1[2]" 4 9, 4 9 0, S_0x1015a7440;
 .timescale 0 0;
P_0xa0506da00 .param/l "i" 1 4 9, +C4<010>;
L_0x1015b34d0 .functor XOR 1, L_0xa0507b2a0, L_0xa0507b340, C4<0>, C4<0>;
L_0xa050a4000 .functor XOR 1, L_0x1015b34d0, L_0xa0507b3e0, C4<0>, C4<0>;
L_0xa050a4070 .functor AND 1, L_0xa0507b480, L_0xa0507b520, C4<1>, C4<1>;
L_0xa050a40e0 .functor AND 1, L_0xa0507b5c0, L_0xa0507b660, C4<1>, C4<1>;
L_0xa050a4150 .functor OR 1, L_0xa050a4070, L_0xa050a40e0, C4<0>, C4<0>;
L_0xa050a41c0 .functor AND 1, L_0xa0507b700, L_0xa0507b7a0, C4<1>, C4<1>;
L_0xa050a4230 .functor OR 1, L_0xa050a4150, L_0xa050a41c0, C4<0>, C4<0>;
v0xa04c30c80_0 .net *"_ivl_0", 0 0, L_0xa0507b2a0;  1 drivers
v0xa04c30d20_0 .net *"_ivl_1", 0 0, L_0xa0507b340;  1 drivers
v0xa04c30dc0_0 .net *"_ivl_11", 0 0, L_0xa0507b5c0;  1 drivers
v0xa04c30e60_0 .net *"_ivl_12", 0 0, L_0xa0507b660;  1 drivers
v0xa04c30f00_0 .net *"_ivl_13", 0 0, L_0xa050a40e0;  1 drivers
v0xa04c30fa0_0 .net *"_ivl_15", 0 0, L_0xa050a4150;  1 drivers
v0xa04c31040_0 .net *"_ivl_17", 0 0, L_0xa0507b700;  1 drivers
v0xa04c310e0_0 .net *"_ivl_18", 0 0, L_0xa0507b7a0;  1 drivers
v0xa04c31180_0 .net *"_ivl_19", 0 0, L_0xa050a41c0;  1 drivers
v0xa04c31220_0 .net *"_ivl_2", 0 0, L_0x1015b34d0;  1 drivers
v0xa04c312c0_0 .net *"_ivl_21", 0 0, L_0xa050a4230;  1 drivers
v0xa04c31360_0 .net *"_ivl_4", 0 0, L_0xa0507b3e0;  1 drivers
v0xa04c31400_0 .net *"_ivl_5", 0 0, L_0xa050a4000;  1 drivers
v0xa04c314a0_0 .net *"_ivl_7", 0 0, L_0xa0507b480;  1 drivers
v0xa04c31540_0 .net *"_ivl_8", 0 0, L_0xa0507b520;  1 drivers
v0xa04c315e0_0 .net *"_ivl_9", 0 0, L_0xa050a4070;  1 drivers
S_0x1015b2d50 .scope generate, "genblk1[3]" "genblk1[3]" 4 9, 4 9 0, S_0x1015a7440;
 .timescale 0 0;
P_0xa0506da80 .param/l "i" 1 4 9, +C4<011>;
L_0xa050a42a0 .functor XOR 1, L_0xa0507b840, L_0xa0507b8e0, C4<0>, C4<0>;
L_0xa050a4310 .functor XOR 1, L_0xa050a42a0, L_0xa0507b980, C4<0>, C4<0>;
L_0xa050a4380 .functor AND 1, L_0xa0507ba20, L_0xa0507bac0, C4<1>, C4<1>;
L_0xa050a43f0 .functor AND 1, L_0xa0507bb60, L_0xa0507bc00, C4<1>, C4<1>;
L_0xa050a4460 .functor OR 1, L_0xa050a4380, L_0xa050a43f0, C4<0>, C4<0>;
L_0xa050a44d0 .functor AND 1, L_0xa0507bca0, L_0xa0507bd40, C4<1>, C4<1>;
L_0xa050a4540 .functor OR 1, L_0xa050a4460, L_0xa050a44d0, C4<0>, C4<0>;
v0xa04c31680_0 .net *"_ivl_0", 0 0, L_0xa0507b840;  1 drivers
v0xa04c31720_0 .net *"_ivl_1", 0 0, L_0xa0507b8e0;  1 drivers
v0xa04c317c0_0 .net *"_ivl_11", 0 0, L_0xa0507bb60;  1 drivers
v0xa04c31860_0 .net *"_ivl_12", 0 0, L_0xa0507bc00;  1 drivers
v0xa04c31900_0 .net *"_ivl_13", 0 0, L_0xa050a43f0;  1 drivers
v0xa04c319a0_0 .net *"_ivl_15", 0 0, L_0xa050a4460;  1 drivers
v0xa04c31a40_0 .net *"_ivl_17", 0 0, L_0xa0507bca0;  1 drivers
v0xa04c31ae0_0 .net *"_ivl_18", 0 0, L_0xa0507bd40;  1 drivers
v0xa04c31b80_0 .net *"_ivl_19", 0 0, L_0xa050a44d0;  1 drivers
v0xa04c31c20_0 .net *"_ivl_2", 0 0, L_0xa050a42a0;  1 drivers
v0xa04c31cc0_0 .net *"_ivl_21", 0 0, L_0xa050a4540;  1 drivers
v0xa04c31d60_0 .net *"_ivl_4", 0 0, L_0xa0507b980;  1 drivers
v0xa04c31e00_0 .net *"_ivl_5", 0 0, L_0xa050a4310;  1 drivers
v0xa04c31ea0_0 .net *"_ivl_7", 0 0, L_0xa0507ba20;  1 drivers
v0xa04c31f40_0 .net *"_ivl_8", 0 0, L_0xa0507bac0;  1 drivers
v0xa04c31fe0_0 .net *"_ivl_9", 0 0, L_0xa050a4380;  1 drivers
S_0x1015b2ed0 .scope generate, "genblk1[4]" "genblk1[4]" 4 9, 4 9 0, S_0x1015a7440;
 .timescale 0 0;
P_0xa0506db40 .param/l "i" 1 4 9, +C4<0100>;
L_0xa050a45b0 .functor XOR 1, L_0xa0507bde0, L_0xa0507be80, C4<0>, C4<0>;
L_0xa050a4620 .functor XOR 1, L_0xa050a45b0, L_0xa0507bf20, C4<0>, C4<0>;
L_0xa050a4690 .functor AND 1, L_0xa050a8000, L_0xa050a80a0, C4<1>, C4<1>;
L_0xa050a4700 .functor AND 1, L_0xa050a8140, L_0xa050a81e0, C4<1>, C4<1>;
L_0xa050a4770 .functor OR 1, L_0xa050a4690, L_0xa050a4700, C4<0>, C4<0>;
L_0xa050a47e0 .functor AND 1, L_0xa050a8280, L_0xa050a8320, C4<1>, C4<1>;
L_0xa050a4850 .functor OR 1, L_0xa050a4770, L_0xa050a47e0, C4<0>, C4<0>;
v0xa04c32080_0 .net *"_ivl_0", 0 0, L_0xa0507bde0;  1 drivers
v0xa04c32120_0 .net *"_ivl_1", 0 0, L_0xa0507be80;  1 drivers
v0xa04c321c0_0 .net *"_ivl_11", 0 0, L_0xa050a8140;  1 drivers
v0xa04c32260_0 .net *"_ivl_12", 0 0, L_0xa050a81e0;  1 drivers
v0xa04c32300_0 .net *"_ivl_13", 0 0, L_0xa050a4700;  1 drivers
v0xa04c323a0_0 .net *"_ivl_15", 0 0, L_0xa050a4770;  1 drivers
v0xa04c32440_0 .net *"_ivl_17", 0 0, L_0xa050a8280;  1 drivers
v0xa04c324e0_0 .net *"_ivl_18", 0 0, L_0xa050a8320;  1 drivers
v0xa04c32580_0 .net *"_ivl_19", 0 0, L_0xa050a47e0;  1 drivers
v0xa04c32620_0 .net *"_ivl_2", 0 0, L_0xa050a45b0;  1 drivers
v0xa04c326c0_0 .net *"_ivl_21", 0 0, L_0xa050a4850;  1 drivers
v0xa04c32760_0 .net *"_ivl_4", 0 0, L_0xa0507bf20;  1 drivers
v0xa04c32800_0 .net *"_ivl_5", 0 0, L_0xa050a4620;  1 drivers
v0xa04c328a0_0 .net *"_ivl_7", 0 0, L_0xa050a8000;  1 drivers
v0xa04c32940_0 .net *"_ivl_8", 0 0, L_0xa050a80a0;  1 drivers
v0xa04c329e0_0 .net *"_ivl_9", 0 0, L_0xa050a4690;  1 drivers
S_0x1015b3050 .scope generate, "genblk1[5]" "genblk1[5]" 4 9, 4 9 0, S_0x1015a7440;
 .timescale 0 0;
P_0xa0506dbc0 .param/l "i" 1 4 9, +C4<0101>;
L_0xa050a48c0 .functor XOR 1, L_0xa050a83c0, L_0xa050a8460, C4<0>, C4<0>;
L_0xa050a4930 .functor XOR 1, L_0xa050a48c0, L_0xa050a8500, C4<0>, C4<0>;
L_0xa050a49a0 .functor AND 1, L_0xa050a85a0, L_0xa050a8640, C4<1>, C4<1>;
L_0xa050a4a10 .functor AND 1, L_0xa050a86e0, L_0xa050a8780, C4<1>, C4<1>;
L_0xa050a4a80 .functor OR 1, L_0xa050a49a0, L_0xa050a4a10, C4<0>, C4<0>;
L_0xa050a4af0 .functor AND 1, L_0xa050a8820, L_0xa050a88c0, C4<1>, C4<1>;
L_0xa050a4b60 .functor OR 1, L_0xa050a4a80, L_0xa050a4af0, C4<0>, C4<0>;
v0xa04c32a80_0 .net *"_ivl_0", 0 0, L_0xa050a83c0;  1 drivers
v0xa04c32b20_0 .net *"_ivl_1", 0 0, L_0xa050a8460;  1 drivers
v0xa04c32bc0_0 .net *"_ivl_11", 0 0, L_0xa050a86e0;  1 drivers
v0xa04c32c60_0 .net *"_ivl_12", 0 0, L_0xa050a8780;  1 drivers
v0xa04c32d00_0 .net *"_ivl_13", 0 0, L_0xa050a4a10;  1 drivers
v0xa04c32da0_0 .net *"_ivl_15", 0 0, L_0xa050a4a80;  1 drivers
v0xa04c32e40_0 .net *"_ivl_17", 0 0, L_0xa050a8820;  1 drivers
v0xa04c32ee0_0 .net *"_ivl_18", 0 0, L_0xa050a88c0;  1 drivers
v0xa04c32f80_0 .net *"_ivl_19", 0 0, L_0xa050a4af0;  1 drivers
v0xa04c33020_0 .net *"_ivl_2", 0 0, L_0xa050a48c0;  1 drivers
v0xa04c330c0_0 .net *"_ivl_21", 0 0, L_0xa050a4b60;  1 drivers
v0xa04c33160_0 .net *"_ivl_4", 0 0, L_0xa050a8500;  1 drivers
v0xa04c33200_0 .net *"_ivl_5", 0 0, L_0xa050a4930;  1 drivers
v0xa04c332a0_0 .net *"_ivl_7", 0 0, L_0xa050a85a0;  1 drivers
v0xa04c33340_0 .net *"_ivl_8", 0 0, L_0xa050a8640;  1 drivers
v0xa04c333e0_0 .net *"_ivl_9", 0 0, L_0xa050a49a0;  1 drivers
S_0x1015b31d0 .scope generate, "genblk1[6]" "genblk1[6]" 4 9, 4 9 0, S_0x1015a7440;
 .timescale 0 0;
P_0xa0506dc40 .param/l "i" 1 4 9, +C4<0110>;
L_0xa050a4bd0 .functor XOR 1, L_0xa050a8960, L_0xa050a8a00, C4<0>, C4<0>;
L_0xa050a4c40 .functor XOR 1, L_0xa050a4bd0, L_0xa050a8aa0, C4<0>, C4<0>;
L_0xa050a4cb0 .functor AND 1, L_0xa050a8b40, L_0xa050a8be0, C4<1>, C4<1>;
L_0xa050a4d20 .functor AND 1, L_0xa050a8c80, L_0xa050a8d20, C4<1>, C4<1>;
L_0xa050a4d90 .functor OR 1, L_0xa050a4cb0, L_0xa050a4d20, C4<0>, C4<0>;
L_0xa050a4e00 .functor AND 1, L_0xa050a8dc0, L_0xa050a8e60, C4<1>, C4<1>;
L_0xa050a4e70 .functor OR 1, L_0xa050a4d90, L_0xa050a4e00, C4<0>, C4<0>;
v0xa04c33480_0 .net *"_ivl_0", 0 0, L_0xa050a8960;  1 drivers
v0xa04c33520_0 .net *"_ivl_1", 0 0, L_0xa050a8a00;  1 drivers
v0xa04c335c0_0 .net *"_ivl_11", 0 0, L_0xa050a8c80;  1 drivers
v0xa04c33660_0 .net *"_ivl_12", 0 0, L_0xa050a8d20;  1 drivers
v0xa04c33700_0 .net *"_ivl_13", 0 0, L_0xa050a4d20;  1 drivers
v0xa04c337a0_0 .net *"_ivl_15", 0 0, L_0xa050a4d90;  1 drivers
v0xa04c33840_0 .net *"_ivl_17", 0 0, L_0xa050a8dc0;  1 drivers
v0xa04c338e0_0 .net *"_ivl_18", 0 0, L_0xa050a8e60;  1 drivers
v0xa04c33980_0 .net *"_ivl_19", 0 0, L_0xa050a4e00;  1 drivers
v0xa04c33a20_0 .net *"_ivl_2", 0 0, L_0xa050a4bd0;  1 drivers
v0xa04c33ac0_0 .net *"_ivl_21", 0 0, L_0xa050a4e70;  1 drivers
v0xa04c33b60_0 .net *"_ivl_4", 0 0, L_0xa050a8aa0;  1 drivers
v0xa04c33c00_0 .net *"_ivl_5", 0 0, L_0xa050a4c40;  1 drivers
v0xa04c33ca0_0 .net *"_ivl_7", 0 0, L_0xa050a8b40;  1 drivers
v0xa04c33d40_0 .net *"_ivl_8", 0 0, L_0xa050a8be0;  1 drivers
v0xa04c33de0_0 .net *"_ivl_9", 0 0, L_0xa050a4cb0;  1 drivers
S_0x1015b3350 .scope generate, "genblk1[7]" "genblk1[7]" 4 9, 4 9 0, S_0x1015a7440;
 .timescale 0 0;
P_0xa0506dcc0 .param/l "i" 1 4 9, +C4<0111>;
L_0xa050a4ee0 .functor XOR 1, L_0xa050a8f00, L_0xa050a8fa0, C4<0>, C4<0>;
L_0xa050a4f50 .functor XOR 1, L_0xa050a4ee0, L_0xa050a9040, C4<0>, C4<0>;
L_0xa050a4fc0 .functor AND 1, L_0xa050a90e0, L_0xa050a9180, C4<1>, C4<1>;
L_0xa050a5030 .functor AND 1, L_0xa050a9220, L_0xa050a92c0, C4<1>, C4<1>;
L_0xa050a50a0 .functor OR 1, L_0xa050a4fc0, L_0xa050a5030, C4<0>, C4<0>;
L_0xa050a5110 .functor AND 1, L_0xa050a9360, L_0xa050a9400, C4<1>, C4<1>;
L_0xa050a5180 .functor OR 1, L_0xa050a50a0, L_0xa050a5110, C4<0>, C4<0>;
v0xa04c33e80_0 .net *"_ivl_0", 0 0, L_0xa050a8f00;  1 drivers
v0xa04c33f20_0 .net *"_ivl_1", 0 0, L_0xa050a8fa0;  1 drivers
v0xa04c38000_0 .net *"_ivl_11", 0 0, L_0xa050a9220;  1 drivers
v0xa04c380a0_0 .net *"_ivl_12", 0 0, L_0xa050a92c0;  1 drivers
v0xa04c38140_0 .net *"_ivl_13", 0 0, L_0xa050a5030;  1 drivers
v0xa04c381e0_0 .net *"_ivl_15", 0 0, L_0xa050a50a0;  1 drivers
v0xa04c38280_0 .net *"_ivl_17", 0 0, L_0xa050a9360;  1 drivers
v0xa04c38320_0 .net *"_ivl_18", 0 0, L_0xa050a9400;  1 drivers
v0xa04c383c0_0 .net *"_ivl_19", 0 0, L_0xa050a5110;  1 drivers
v0xa04c38460_0 .net *"_ivl_2", 0 0, L_0xa050a4ee0;  1 drivers
v0xa04c38500_0 .net *"_ivl_21", 0 0, L_0xa050a5180;  1 drivers
v0xa04c385a0_0 .net *"_ivl_4", 0 0, L_0xa050a9040;  1 drivers
v0xa04c38640_0 .net *"_ivl_5", 0 0, L_0xa050a4f50;  1 drivers
v0xa04c386e0_0 .net *"_ivl_7", 0 0, L_0xa050a90e0;  1 drivers
v0xa04c38780_0 .net *"_ivl_8", 0 0, L_0xa050a9180;  1 drivers
v0xa04c38820_0 .net *"_ivl_9", 0 0, L_0xa050a4fc0;  1 drivers
    .scope S_0x1015a72c0;
T_0 ;
    %vpi_call/w 3 23 "$dumpfile", "ripple_carry_adder.vcd" {0 0 0};
    %vpi_call/w 3 24 "$dumpvars", 32'sb00000000000000000000000000000000, S_0x1015a72c0 {0 0 0};
    %vpi_call/w 3 26 "$display", "Time |       A |       B | CIN |     SUM | COUT | Expected SUM | Expected COUT" {0 0 0};
    %vpi_call/w 3 27 "$display", "--------------------------------------------------------------------------" {0 0 0};
    %pushi/vec4 0, 0, 32;
    %store/vec4 v0xa04c390e0_0, 0, 32;
T_0.0 ;
    %load/vec4 v0xa04c390e0_0;
    %cmpi/s 16, 0, 32;
    %jmp/0xz T_0.1, 5;
    %vpi_func 3 31 "$urandom_range" 32, 32'sb00000000000000000000000000000000, 32'sb00000000000000000000000011111111 {0 0 0};
    %pad/u 8;
    %store/vec4 v0xa04c38d20_0, 0, 8;
    %vpi_func 3 32 "$urandom_range" 32, 32'sb00000000000000000000000000000000, 32'sb00000000000000000000000011111111 {0 0 0};
    %pad/u 8;
    %store/vec4 v0xa04c38dc0_0, 0, 8;
    %load/vec4 v0xa04c390e0_0;
    %pushi/vec4 2, 0, 32;
    %mod/s;
    %pad/s 1;
    %store/vec4 v0xa04c38e60_0, 0, 1;
    %delay 5000, 0;
    %load/vec4 v0xa04c38d20_0;
    %pad/u 32;
    %load/vec4 v0xa04c38dc0_0;
    %pad/u 32;
    %add;
    %load/vec4 v0xa04c38e60_0;
    %pad/u 32;
    %add;
    %cast2;
    %store/vec4 v0xa04c39040_0, 0, 32;
    %load/vec4 v0xa04c39040_0;
    %ix/load 4, 8, 0;
    %flag_set/imm 4, 0;
    %shiftr 4;
    %cast2;
    %pad/s 1;
    %store/vec4 v0xa04c38fa0_0, 0, 1;
    %load/vec4 v0xa04c39040_0;
    %pushi/vec4 255, 0, 32;
    %and;
    %cast2;
    %store/vec4 v0xa04c39040_0, 0, 32;
    %vpi_call/w 3 39 "$display", "%4t | %8b | %8b |  %0b  | %8b |  %0b  |    %8b    |       %0b", $time, v0xa04c38d20_0, v0xa04c38dc0_0, v0xa04c38e60_0, v0xa04c39180_0, v0xa04c38f00_0, v0xa04c39040_0, v0xa04c38fa0_0 {0 0 0};
    ; show_stmt_assign_vector: Get l-value for compressed += operand
    %load/vec4 v0xa04c390e0_0;
    %pushi/vec4 1, 0, 32;
    %add;
    %cast2;
    %store/vec4 v0xa04c390e0_0, 0, 32;
    %jmp T_0.0;
T_0.1 ;
    %vpi_call/w 3 43 "$finish" {0 0 0};
    %end;
    .thread T_0;
# The file index is used to find the file name in the following table.
:file_names 5;
    "N/A";
    "<interactive>";
    "-";
    "ripple_carry_adder_using_parameter.sv";
    "ripple_carry_adder_using_parameter.v";
